<?xml version="1.0" encoding="UTF-8"?>
<!-- Generated by org.testng.reporters.JUnitReportReporter -->
<testsuite hostname="DESKTOP-PILQA90" name="com.baoko.web.testcase.LoginTest" tests="1" failures="0" timestamp="5 Jul 2018 05:47:09 GMT" time="0.242" errors="0">
  <testcase name="test" time="0.242" classname="com.baoko.web.testcase.LoginTest"/>
</testsuite> <!-- com.baoko.web.testcase.LoginTest -->
